<?xml version="1.0" encoding="UTF-8"?>
<testng-results ignored="0" total="2" passed="2" failed="0" skipped="0">
  <reporter-output>
  </reporter-output>
  <suite started-at="2021-10-16T15:58:53 MDT" name="Default suite" finished-at="2021-10-16T15:58:56 MDT" duration-ms="2940">
    <groups>
    </groups>
    <test started-at="2021-10-16T15:58:53 MDT" name="Default test" finished-at="2021-10-16T15:58:56 MDT" duration-ms="2940">
      <class name="restfulApiDemo.MultipleRecordCreation">
        <test-method is-config="true" signature="setupRequestSpec()[pri:0, instance:restfulApiDemo.MultipleRecordCreation@6ef888f6]" started-at="2021-10-16T15:58:53 MDT" name="setupRequestSpec" finished-at="2021-10-16T15:58:53 MDT" duration-ms="696" status="PASS">
          <reporter-output>
          </reporter-output>
        </test-method> <!-- setupRequestSpec -->
        <test-method is-config="true" signature="setupResponseSpec()[pri:0, instance:restfulApiDemo.MultipleRecordCreation@6ef888f6]" started-at="2021-10-16T15:58:53 MDT" name="setupResponseSpec" finished-at="2021-10-16T15:58:53 MDT" duration-ms="32" status="PASS">
          <reporter-output>
          </reporter-output>
        </test-method> <!-- setupResponseSpec -->
        <test-method signature="createBooking()[pri:0, instance:restfulApiDemo.MultipleRecordCreation@6ef888f6]" started-at="2021-10-16T15:58:53 MDT" name="createBooking" finished-at="2021-10-16T15:58:55 MDT" duration-ms="1603" status="PASS">
          <reporter-output>
          </reporter-output>
        </test-method> <!-- createBooking -->
        <test-method signature="updateBooking()[pri:0, instance:restfulApiDemo.MultipleRecordCreation@6ef888f6]" started-at="2021-10-16T15:58:55 MDT" name="updateBooking" finished-at="2021-10-16T15:58:55 MDT" duration-ms="573" status="PASS">
          <reporter-output>
          </reporter-output>
        </test-method> <!-- updateBooking -->
      </class> <!-- restfulApiDemo.MultipleRecordCreation -->
    </test> <!-- Default test -->
  </suite> <!-- Default suite -->
</testng-results>
