<?xml version="1.0" encoding="UTF-8"?>
<!-- Generated by org.testng.reporters.JUnitXMLReporter -->
<testsuite ignored="0" hostname="DESKTOP-DSTB9TI" failures="0" tests="3" name="Test" time="4.357" errors="0" timestamp="2021-10-17T22:29:25 MDT">
  <testcase classname="restfulApiDemo.DefaultValue1" name="createBooking1" time="2.139"/>
  <testcase classname="restfulApiDemo.DefaultValue1" name="createBooking2" time="0.612"/>
  <testcase classname="restfulApiDemo.DefaultValue2" name="createBooking3" time="0.777"/>
</testsuite> <!-- Test -->
